2026-05-14 19:08:37, MOVE, v:1, k:ed@labirinto, mode:PICK
2026-05-14 19:08:38, MOVE, v:1, k:ed@labirinto, mode:BACK
2026-05-14 19:08:51, MOVE, v:1, k:ed@labirinto, mode:PICK
2026-05-14 19:18:43, MOVE, v:1, k:ed@vetbuild, mode:PICK
2026-05-14 19:18:50, EXEC, v:1, k:ed@vetbuild, mode:FULL, rate:9
2026-05-14 19:44:40, MOVE, v:1, k:ed@vetbuild, mode:PICK
2026-05-14 19:44:43, EXEC, v:1, k:ed@vetbuild, mode:FULL, rate:9, size:261
2026-05-14 19:44:59, EXEC, v:1, k:ed@vetbuild, mode:FULL, rate:9, size:261
2026-05-14 19:45:32, EXEC, v:1, k:ed@vetbuild, mode:FULL, rate:9, size:261
2026-05-14 19:45:50, EXEC, v:1, k:ed@vetbuild, mode:FULL, rate:9, size:261
2026-05-14 19:45:48, MOVE, v:1, k:ed@vetbuild, mode:EDIT
2026-05-14 19:52:44, EXEC, v:1, k:ed@vetbuild, mode:FULL, rate:9, size:261
2026-05-14 19:53:05, EXEC, v:1, k:ed@vetbuild, mode:FULL, rate:9, size:261
2026-05-14 19:53:22, EXEC, v:1, k:ed@vetbuild, mode:FULL, rate:9, size:261
2026-05-14 19:53:20, MOVE, v:1, k:ed@vetbuild, mode:EDIT
2026-05-14 19:58:13, MOVE, v:1, k:ed@vetbuild, mode:EDIT
2026-05-14 19:59:50, EXEC, v:1, k:ed@vetbuild, mode:FULL, rate:9, size:262
2026-05-14 20:00:25, EXEC, v:1, k:ed@vetbuild, mode:FULL, rate:9, size:262
2026-05-14 20:04:29, EXEC, v:1, k:ed@vetbuild, mode:FULL, rate:9, size:262
2026-05-14 20:04:20, MOVE, v:1, k:ed@vetbuild, mode:EDIT
2026-05-14 20:04:39, EXEC, v:1, k:ed@vetbuild, mode:FULL, rate:9, size:262
2026-05-14 20:04:50, EXEC, v:1, k:ed@vetbuild, mode:FREE, size:262
2026-05-14 20:05:07, EXEC, v:1, k:ed@vetbuild, mode:FULL, rate:9
2026-05-14 20:07:43, EXEC, v:1, k:ed@vetbuild, mode:FULL, rate:9, size:263
2026-05-14 20:08:08, EXEC, v:1, k:ed@vetbuild, mode:FULL, rate:9, size:262
2026-05-14 20:08:57, EXEC, v:1, k:ed@vetbuild, mode:FULL, rate:18, size:262
2026-05-14 20:08:55, MOVE, v:1, k:ed@vetbuild, mode:EDIT
2026-05-14 20:10:10, EXEC, v:1, k:ed@vetbuild, mode:FULL, rate:18, size:262
2026-05-14 20:13:30, EXEC, v:1, k:ed@vetbuild, mode:FULL, rate:18, size:262
2026-05-14 20:13:27, MOVE, v:1, k:ed@vetbuild, mode:EDIT
2026-05-14 20:16:38, EXEC, v:1, k:ed@vetbuild, mode:FULL, rate:18, size:265
2026-05-14 20:19:27, EXEC, v:1, k:ed@vetbuild, mode:FULL, rate:18, size:265
2026-05-14 20:19:20, MOVE, v:1, k:ed@vetbuild, mode:EDIT
2026-05-14 20:23:26, EXEC, v:1, k:ed@vetbuild, mode:FULL, rate:18, size:265
2026-05-14 20:24:21, EXEC, v:1, k:ed@vetbuild, mode:FULL, rate:18, size:268
2026-05-14 20:24:16, MOVE, v:1, k:ed@vetbuild, mode:EDIT
2026-05-14 20:25:56, EXEC, v:1, k:ed@vetbuild, mode:FULL, rate:18, size:255
2026-05-14 20:28:48, EXEC, v:1, k:ed@vetbuild, mode:FULL, rate:27, size:255
2026-05-14 20:28:44, MOVE, v:1, k:ed@vetbuild, mode:EDIT
2026-05-14 20:32:52, EXEC, v:1, k:ed@vetbuild, mode:FULL, rate:36, size:258
2026-05-14 20:34:15, EXEC, v:1, k:ed@vetbuild, mode:FULL, rate:9, size:257
2026-05-14 20:34:23, EXEC, v:1, k:ed@vetbuild, mode:FULL, rate:36, size:258
2026-05-14 20:34:19, MOVE, v:1, k:ed@vetbuild, mode:EDIT
2026-05-14 20:34:53, EXEC, v:1, k:ed@vetbuild, mode:FULL, rate:45, size:258
2026-05-14 20:39:29, MOVE, v:1, k:ed@vetbuild, mode:EDIT
2026-05-14 20:39:50, EXEC, v:1, k:ed@vetbuild, mode:FULL, size:258, fail:COMP
2026-05-14 20:41:24, EXEC, v:1, k:ed@vetbuild, mode:FULL, rate:45, size:258
2026-05-14 20:41:46, EXEC, v:1, k:ed@vetbuild, mode:FULL, rate:54, size:258
2026-05-14 20:43:17, MOVE, v:1, k:ed@vetbuild, mode:EDIT
2026-05-14 20:45:29, MOVE, v:1, k:ed@vetbuild, mode:BACK
2026-05-14 20:47:55, MOVE, v:1, k:ed@vetbuild, mode:PICK
2026-05-14 20:48:01, MOVE, v:1, k:ed@vetbuild, mode:BACK
2026-05-14 20:48:48, MOVE, v:1, k:ed@vetbuild, mode:PICK
2026-05-14 20:49:07, EXEC, v:1, k:ed@vetbuild, mode:FULL, rate:54, size:259
2026-05-14 20:51:07, MOVE, v:1, k:ed@vetbuild, mode:EDIT
2026-05-14 20:58:39, MOVE, v:1, k:ed@vetbuild, mode:EDIT
2026-05-14 21:13:11, EXEC, v:1, k:ed@vetbuild, mode:FULL, size:267, fail:COMP
2026-05-14 21:14:35, MOVE, v:1, k:ed@vetbuild, mode:BACK
2026-05-14 21:13:28, MOVE, v:1, k:ed@vetbuild, mode:EDIT
