2026-04-27 15:48:57, MOVE, v:1, k:ed@vetbuild, mode:DOWN
2026-04-27 15:48:57, MOVE, v:1, k:ed@vetbuild, mode:PICK
2026-04-27 15:48:57, MOVE, v:1, k:ed@vetbuild, mode:EDIT
2026-04-27 15:48:57, MOVE, v:1, k:ed@vetbuild, mode:EDIT
2026-04-27 15:48:57, MOVE, v:1, k:ed@vetbuild, mode:EDIT
2026-04-27 15:48:57, MOVE, v:1, k:ed@vetbuild, mode:EDIT
2026-04-27 15:51:56, MOVE, v:1, k:ed@vetbuild, mode:BACK
2026-04-27 15:52:08, MOVE, v:1, k:ed@vetbuild, mode:PICK
2026-04-27 15:55:52, EXEC, v:1, k:ed@vetbuild, mode:FULL, rate:0, size:130
2026-04-27 15:52:22, MOVE, v:1, k:ed@vetbuild, mode:EDIT
2026-04-27 15:59:39, MOVE, v:1, k:ed@vetbuild, mode:BACK
2026-04-27 15:59:42, MOVE, v:1, k:ed@vetbuild, mode:PICK
2026-04-27 16:02:35, EXEC, v:1, k:ed@vetbuild, mode:FULL, size:131, fail:COMP
2026-04-27 16:06:33, MOVE, v:1, k:ed@vetbuild, mode:EDIT
2026-04-27 16:11:09, MOVE, v:1, k:ed@vetbuild, mode:EDIT
2026-04-27 16:15:48, MOVE, v:1, k:ed@vetbuild, mode:EDIT
2026-04-27 16:20:32, MOVE, v:1, k:ed@vetbuild, mode:EDIT
2026-04-27 16:24:02, MOVE, v:1, k:ed@vetbuild, mode:EDIT
2026-04-27 16:39:48, EXEC, v:1, k:ed@vetbuild, mode:FULL, rate:0, size:143
2026-04-27 16:40:37, EXEC, v:1, k:ed@vetbuild, mode:FULL, rate:0, size:143
2026-04-27 16:40:35, MOVE, v:1, k:ed@vetbuild, mode:EDIT
2026-04-27 16:43:09, EXEC, v:1, k:ed@vetbuild, mode:FULL, rate:0, size:143
2026-04-27 16:45:13, MOVE, v:1, k:ed@vetbuild, mode:EDIT
2026-04-27 16:49:29, MOVE, v:1, k:ed@vetbuild, mode:EDIT
2026-04-27 16:52:18, EXEC, v:1, k:ed@vetbuild, mode:FULL, rate:0, size:150
2026-04-27 16:53:15, EXEC, v:1, k:ed@vetbuild, mode:FULL, rate:0, size:150
2026-04-27 16:55:08, EXEC, v:1, k:ed@vetbuild, mode:FULL, rate:0, size:155
2026-04-27 16:56:05, EXEC, v:1, k:ed@vetbuild, mode:FULL, rate:18, size:159
2026-04-27 16:56:03, MOVE, v:1, k:ed@vetbuild, mode:EDIT
2026-04-27 16:57:19, EXEC, v:1, k:ed@vetbuild, mode:FULL, rate:18, size:160
