2026-05-18 15:41:24, MOVE, v:1, k:ed@vetbuild, mode:PICK
2026-05-18 15:41:35, EXEC, v:1, k:ed@vetbuild, mode:FULL, rate:72, size:295
2026-05-18 15:48:34, MOVE, v:1, k:ed@vetbuild, mode:BACK
2026-05-18 15:48:53, MOVE, v:1, k:ed@vetbuild, mode:PICK
2026-05-18 15:48:56, EXEC, v:1, k:ed@vetbuild, mode:FULL, rate:72
2026-05-18 15:51:12, MOVE, v:1, k:ed@vetbuild, mode:BACK
2026-05-18 15:51:26, MOVE, v:1, k:ed@vetbuild, mode:PICK
2026-05-18 15:52:13, MOVE, v:1, k:ed@vetbuild, mode:BACK
2026-05-18 15:52:31, MOVE, v:1, k:ed@labirinto, mode:PICK
2026-05-18 15:52:35, EXEC, v:1, k:ed@labirinto, mode:FULL, rate:0, size:66
2026-05-18 15:52:39, MOVE, v:1, k:ed@labirinto, mode:BACK
2026-05-18 15:52:44, MOVE, v:1, k:ed@labirinto, mode:PICK
2026-05-18 15:59:23, EXEC, v:1, k:ed@labirinto, mode:FULL, rate:0, size:74
2026-05-18 16:00:17, EXEC, v:1, k:ed@labirinto, mode:FULL, rate:0, size:78
2026-05-18 16:00:15, MOVE, v:1, k:ed@labirinto, mode:EDIT
2026-05-18 16:05:28, MOVE, v:1, k:ed@labirinto, mode:EDIT
2026-05-18 16:16:54, EXEC, v:1, k:ed@labirinto, mode:FULL, rate:0, size:89
2026-05-18 16:18:49, EXEC, v:1, k:ed@labirinto, mode:FULL, rate:0, size:93
2026-05-18 16:18:14, MOVE, v:1, k:ed@labirinto, mode:EDIT
2026-05-18 16:26:39, EXEC, v:1, k:ed@labirinto, mode:FULL, rate:0, size:89
2026-05-18 16:26:45, MOVE, v:1, k:ed@labirinto, mode:BACK
2026-05-18 16:26:46, MOVE, v:1, k:ed@labirinto, mode:PICK
2026-05-18 16:26:47, EXEC, v:1, k:ed@labirinto, mode:FULL, rate:0
2026-05-18 16:28:45, EXEC, v:1, k:ed@labirinto, mode:FULL, rate:0, size:89
2026-05-18 16:29:00, EXEC, v:1, k:ed@labirinto, mode:FULL, rate:0, size:89
2026-05-18 16:31:17, EXEC, v:1, k:ed@labirinto, mode:FULL, rate:100, size:89
2026-05-18 16:30:34, MOVE, v:1, k:ed@labirinto, mode:EDIT
2026-05-18 16:31:20, MOVE, v:1, k:ed@labirinto, mode:BACK
2026-05-18 16:36:44, MOVE, v:1, k:ed@wordsearch, mode:DOWN
2026-05-18 16:36:45, MOVE, v:1, k:ed@wordsearch, mode:PICK
2026-05-18 16:36:44, MOVE, v:1, k:ed@wordsearch, mode:EDIT
2026-05-18 16:36:44, MOVE, v:1, k:ed@wordsearch, mode:EDIT
2026-05-18 16:36:44, MOVE, v:1, k:ed@wordsearch, mode:EDIT
2026-05-18 16:36:44, MOVE, v:1, k:ed@wordsearch, mode:EDIT
2026-05-18 19:22:38, MOVE, v:1, k:ed@vetbuild, mode:PICK
2026-05-18 19:24:01, EXEC, v:1, k:ed@vetbuild, mode:FULL, rate:72
2026-05-18 19:26:21, MOVE, v:1, k:ed@vetbuild, mode:EDIT
2026-05-18 19:28:14, EXEC, v:1, k:ed@vetbuild, mode:FULL, rate:72, size:299
2026-05-18 19:29:33, EXEC, v:1, k:ed@vetbuild, mode:FULL, rate:72, size:301
2026-05-18 19:31:06, EXEC, v:1, k:ed@vetbuild, mode:FULL, rate:81, size:302
2026-05-18 19:31:36, EXEC, v:1, k:ed@vetbuild, mode:FULL, rate:81, size:302
2026-05-18 19:31:34, MOVE, v:1, k:ed@vetbuild, mode:EDIT
2026-05-18 19:39:19, EXEC, v:1, k:ed@vetbuild, mode:FULL, rate:81, size:302
2026-05-18 19:39:48, EXEC, v:1, k:ed@vetbuild, mode:FULL, rate:90, size:302
2026-05-18 19:41:40, MOVE, v:1, k:ed@vetbuild, mode:BACK
2026-05-18 19:39:46, MOVE, v:1, k:ed@vetbuild, mode:EDIT
2026-05-18 19:44:40, MOVE, v:1, k:ed@vetbuild, mode:PICK
2026-05-18 19:44:43, EXEC, v:1, k:ed@vetbuild, mode:FULL, rate:90
2026-05-18 19:47:02, MOVE, v:1, k:ed@vetbuild, mode:EDIT
2026-05-18 19:47:22, EXEC, v:1, k:ed@vetbuild, mode:FULL, rate:90, size:306
2026-05-18 19:47:40, EXEC, v:1, k:ed@vetbuild, mode:FULL, rate:90, size:306
2026-05-18 19:50:37, EXEC, v:1, k:ed@vetbuild, mode:FULL, rate:90, size:310
2026-05-18 19:51:14, EXEC, v:1, k:ed@vetbuild, mode:FULL, rate:90, size:312
2026-05-18 19:51:11, MOVE, v:1, k:ed@vetbuild, mode:EDIT
2026-05-18 19:53:09, EXEC, v:1, k:ed@vetbuild, mode:FULL, rate:90, size:313
2026-05-18 19:53:05, MOVE, v:1, k:ed@vetbuild, mode:EDIT
2026-05-18 20:00:33, EXEC, v:1, k:ed@vetbuild, mode:FULL, rate:90
2026-05-18 20:01:44, EXEC, v:1, k:ed@vetbuild, mode:FULL, rate:90, size:313
2026-05-18 20:01:40, MOVE, v:1, k:ed@vetbuild, mode:EDIT
2026-05-18 20:05:44, MOVE, v:1, k:ed@vetbuild, mode:EDIT
2026-05-18 20:11:31, EXEC, v:1, k:ed@vetbuild, mode:FULL, rate:90, size:325
2026-05-18 20:11:10, MOVE, v:1, k:ed@vetbuild, mode:EDIT
2026-05-18 20:14:53, EXEC, v:1, k:ed@vetbuild, mode:FULL, rate:90, size:325
2026-05-18 20:16:26, EXEC, v:1, k:ed@vetbuild, mode:FULL, rate:90, size:325
2026-05-18 20:16:22, MOVE, v:1, k:ed@vetbuild, mode:EDIT
2026-05-18 20:17:40, EXEC, v:1, k:ed@vetbuild, mode:FULL, rate:90
2026-05-18 20:21:51, MOVE, v:1, k:ed@vetbuild, mode:EDIT
2026-05-18 20:22:23, EXEC, v:1, k:ed@vetbuild, mode:FULL, rate:90, size:333
2026-05-18 20:22:18, MOVE, v:1, k:ed@vetbuild, mode:EDIT
2026-05-18 20:27:18, EXEC, v:1, k:ed@vetbuild, mode:FULL, rate:100, size:333
2026-05-18 20:27:34, MOVE, v:1, k:ed@vetbuild, mode:BACK
2026-05-18 20:28:03, MOVE, v:1, k:ed@setbuild, mode:DOWN
2026-05-18 20:28:04, MOVE, v:1, k:ed@setbuild, mode:PICK
2026-05-18 20:27:24, MOVE, v:1, k:ed@vetbuild, mode:EDIT
2026-05-18 20:28:03, MOVE, v:1, k:ed@setbuild, mode:EDIT
2026-05-18 20:28:03, MOVE, v:1, k:ed@setbuild, mode:EDIT
2026-05-18 20:28:03, MOVE, v:1, k:ed@setbuild, mode:EDIT
2026-05-18 20:28:03, MOVE, v:1, k:ed@setbuild, mode:EDIT
2026-05-18 20:40:32, MOVE, v:1, k:ed@setbuild, mode:BACK
2026-05-18 20:40:35, MOVE, v:1, k:ed@setbuild, mode:PICK
2026-05-18 20:46:45, MOVE, v:1, k:ed@setbuild, mode:EDIT
2026-05-18 20:48:29, MOVE, v:1, k:ed@setbuild, mode:EDIT
2026-05-18 20:56:05, MOVE, v:1, k:ed@setbuild, mode:BACK
2026-05-18 20:56:06, MOVE, v:1, k:ed@setbuild, mode:PICK
2026-05-18 20:56:11, EXEC, v:1, k:ed@setbuild, mode:FULL, rate:0, size:91
2026-05-18 20:56:57, EXEC, v:1, k:ed@setbuild, mode:FULL, rate:0, size:95
2026-05-18 20:57:06, MOVE, v:1, k:ed@setbuild, mode:BACK
2026-05-18 20:56:55, MOVE, v:1, k:ed@setbuild, mode:EDIT
