2026-06-02 14:13:58, MOVE, v:1, k:ed@multiset, mode:PICK
2026-06-02 14:22:09, EXEC, v:1, k:ed@multiset, mode:FULL, rate:0
2026-06-02 14:26:19, EXEC, v:1, k:ed@multiset, mode:FULL, rate:0
2026-06-02 14:26:49, EXEC, v:1, k:ed@multiset, mode:FULL, rate:0
2026-06-02 14:27:42, EXEC, v:1, k:ed@multiset, mode:FULL, size:120, fail:COMP
2026-06-02 14:28:01, MOVE, v:1, k:ed@multiset, mode:EDIT
2026-06-02 14:28:18, EXEC, v:1, k:ed@multiset, mode:FULL, rate:0, size:121
2026-06-02 14:28:33, EXEC, v:1, k:ed@multiset, mode:FULL, rate:0, size:122
2026-06-02 14:28:43, EXEC, v:1, k:ed@multiset, mode:FULL, rate:0, size:122
2026-06-02 14:33:11, EXEC, v:1, k:ed@multiset, mode:FULL, rate:0, size:149
2026-06-02 14:33:05, MOVE, v:1, k:ed@multiset, mode:EDIT
2026-06-02 14:33:40, EXEC, v:1, k:ed@multiset, mode:FULL, rate:0, size:147
2026-06-02 14:37:06, EXEC, v:1, k:ed@multiset, mode:FULL, rate:0, size:147
2026-06-02 14:37:37, MOVE, v:1, k:ed@multiset, mode:BACK
2026-06-02 14:37:52, MOVE, v:1, k:ed@multiset, mode:PICK
2026-06-02 14:37:56, EXEC, v:1, k:ed@multiset, mode:FULL, rate:0
2026-06-02 14:37:04, MOVE, v:1, k:ed@multiset, mode:EDIT
2026-06-02 14:38:17, MOVE, v:1, k:ed@multiset, mode:EDIT
2026-06-02 14:53:50, EXEC, v:1, k:ed@multiset, mode:FULL, rate:0, size:148
2026-06-02 14:56:34, EXEC, v:1, k:ed@multiset, mode:FULL, rate:0
2026-06-02 14:56:38, MOVE, v:1, k:ed@multiset, mode:BACK
2026-06-02 14:53:48, MOVE, v:1, k:ed@multiset, mode:EDIT
2026-06-02 15:28:03, MOVE, v:1, k:ed@multiset, mode:PICK
2026-06-02 15:28:04, EXEC, v:1, k:ed@multiset, mode:FULL, rate:0
2026-06-02 15:29:11, EXEC, v:1, k:ed@multiset, mode:FULL, rate:0
2026-06-02 15:29:18, EXEC, v:1, k:ed@multiset, mode:FULL, rate:0
2026-06-02 15:29:33, EXEC, v:1, k:ed@multiset, mode:FULL, rate:0, size:148
2026-06-02 15:30:56, EXEC, v:1, k:ed@multiset, mode:FULL, rate:0, size:153
2026-06-02 15:31:26, EXEC, v:1, k:ed@multiset, mode:FULL, rate:0, size:153
2026-06-02 15:31:46, EXEC, v:1, k:ed@multiset, mode:FULL, rate:16, size:150
2026-06-02 15:33:33, EXEC, v:1, k:ed@multiset, mode:FULL, rate:16, size:163
2026-06-02 15:33:32, MOVE, v:1, k:ed@multiset, mode:EDIT
2026-06-02 15:35:20, EXEC, v:1, k:ed@multiset, mode:FULL, rate:16, size:164
2026-06-02 15:35:38, EXEC, v:1, k:ed@multiset, mode:FULL, rate:16, size:164
2026-06-02 15:38:39, EXEC, v:1, k:ed@multiset, mode:FULL, rate:16, size:165
2026-06-02 15:38:35, MOVE, v:1, k:ed@multiset, mode:EDIT
2026-06-02 15:42:04, EXEC, v:1, k:ed@multiset, mode:FULL, rate:16, size:165
2026-06-02 15:42:35, EXEC, v:1, k:ed@multiset, mode:FULL, rate:16, size:168
2026-06-02 15:42:44, EXEC, v:1, k:ed@multiset, mode:FULL, rate:16, size:168
2026-06-02 15:43:35, EXEC, v:1, k:ed@multiset, mode:FULL, rate:16, size:168
2026-06-02 15:44:19, EXEC, v:1, k:ed@multiset, mode:FULL, rate:16, size:168
2026-06-02 15:44:14, MOVE, v:1, k:ed@multiset, mode:EDIT
2026-06-02 15:44:51, EXEC, v:1, k:ed@multiset, mode:FULL, rate:16, size:165
2026-06-02 15:48:09, EXEC, v:1, k:ed@multiset, mode:FULL, rate:16, size:165
2026-06-02 15:48:17, EXEC, v:1, k:ed@multiset, mode:FULL, rate:16, size:165
2026-06-02 15:48:19, EXEC, v:1, k:ed@multiset, mode:FULL, rate:16, size:165
2026-06-02 15:48:18, MOVE, v:1, k:ed@multiset, mode:EDIT
2026-06-02 15:56:40, EXEC, v:1, k:ed@multiset, mode:FULL, rate:16, size:171
2026-06-02 15:57:01, EXEC, v:1, k:ed@multiset, mode:FULL, rate:16, size:172
2026-06-02 15:57:18, EXEC, v:1, k:ed@multiset, mode:FULL, rate:33, size:172
2026-06-02 15:59:18, EXEC, v:1, k:ed@multiset, mode:FULL, rate:33, size:176
2026-06-02 15:59:16, MOVE, v:1, k:ed@multiset, mode:EDIT
