2026-03-12 13:54:57, MOVE, v:1, k:ed@fuga, mode:PICK
2026-03-12 14:04:07, EXEC, v:1, k:ed@fuga, mode:FULL, rate:20, size:31
2026-03-12 14:04:39, EXEC, v:1, k:ed@fuga, mode:FULL, rate:20
2026-03-12 14:04:56, EXEC, v:1, k:ed@fuga, mode:FULL, rate:50, size:33
2026-03-12 14:05:56, EXEC, v:1, k:ed@fuga, mode:FULL, rate:50, size:35
2026-03-12 14:08:40, EXEC, v:1, k:ed@fuga, mode:FULL, rate:50, size:36
2026-03-12 14:08:48, EXEC, v:1, k:ed@fuga, mode:FULL, rate:50, size:36
2026-03-12 14:10:23, MOVE, v:1, k:ed@fuga, mode:BACK
2026-03-12 14:10:34, MOVE, v:1, k:ed@fuga, mode:PICK
2026-03-12 14:10:47, EXEC, v:1, k:ed@fuga, mode:FULL, rate:50
2026-03-12 14:13:27, EXEC, v:1, k:ed@fuga, mode:FULL, rate:30, size:36
2026-03-12 14:13:37, MOVE, v:1, k:ed@fuga, mode:PICK
2026-03-12 14:13:38, EXEC, v:1, k:ed@fuga, mode:FULL, rate:50, size:36
2026-03-12 14:21:45, EXEC, v:1, k:ed@fuga, mode:FULL, rate:20, size:36
2026-03-12 14:22:01, EXEC, v:1, k:ed@fuga, mode:FULL, rate:0, size:36
2026-03-12 14:22:12, EXEC, v:1, k:ed@fuga, mode:FULL, rate:0
2026-03-12 14:22:26, EXEC, v:1, k:ed@fuga, mode:FULL, rate:50, size:36
2026-03-12 14:23:00, EXEC, v:1, k:ed@fuga, mode:FULL, rate:0, size:36
2026-03-12 14:23:09, EXEC, v:1, k:ed@fuga, mode:FULL, rate:50, size:36
2026-03-12 14:23:15, MOVE, v:1, k:ed@fuga, mode:BACK
2026-03-12 14:23:16, MOVE, v:1, k:ed@pedra, mode:DOWN
2026-03-12 14:23:17, MOVE, v:1, k:ed@pedra, mode:PICK
2026-03-12 14:27:17, MOVE, v:1, k:ed@pedra, mode:BACK
