2026-03-31 15:21:31, MOVE, v:1, k:ed@manipulacao, mode:PICK
2026-03-31 15:21:33, EXEC, v:1, k:ed@manipulacao, mode:FREE, size:106
2026-03-31 15:23:32, EXEC, v:1, k:ed@manipulacao, mode:FULL, rate:0
2026-03-31 15:24:30, EXEC, v:1, k:ed@manipulacao, mode:FULL, rate:28, size:116
2026-03-31 15:26:28, EXEC, v:1, k:ed@manipulacao, mode:FULL, rate:28
2026-03-31 15:26:31, EXEC, v:1, k:ed@manipulacao, mode:FULL, rate:28, size:122
2026-03-31 15:27:25, EXEC, v:1, k:ed@manipulacao, mode:FULL, rate:42, size:122
2026-03-31 15:28:51, EXEC, v:1, k:ed@manipulacao, mode:FULL, rate:57, size:125
2026-03-31 15:30:09, EXEC, v:1, k:ed@manipulacao, mode:FULL, rate:71, size:132
2026-03-31 15:39:43, EXEC, v:1, k:ed@manipulacao, mode:FULL, rate:71, size:144
2026-03-31 15:40:03, EXEC, v:1, k:ed@manipulacao, mode:FULL, rate:71, size:144
2026-03-31 15:40:17, EXEC, v:1, k:ed@manipulacao, mode:FULL, rate:71, size:144
2026-03-31 15:41:21, EXEC, v:1, k:ed@manipulacao, mode:FULL, rate:71, size:144
2026-03-31 15:41:52, EXEC, v:1, k:ed@manipulacao, mode:FULL, rate:71, size:145
2026-03-31 15:43:21, EXEC, v:1, k:ed@manipulacao, mode:FULL, rate:85, size:144
2026-03-31 15:43:26, EXEC, v:1, k:ed@manipulacao, mode:FULL, rate:71
2026-03-31 15:43:41, EXEC, v:1, k:ed@manipulacao, mode:FULL, rate:71
2026-03-31 15:43:42, EXEC, v:1, k:ed@manipulacao, mode:FULL, rate:85
2026-03-31 15:54:09, EXEC, v:1, k:ed@manipulacao, mode:FULL, rate:71, size:153
2026-03-31 16:01:43, EXEC, v:1, k:ed@manipulacao, mode:FULL, rate:71, size:153
2026-03-31 16:01:51, EXEC, v:1, k:ed@manipulacao, mode:FULL, rate:71, size:153
2026-03-31 16:02:41, EXEC, v:1, k:ed@manipulacao, mode:FULL, rate:71, size:153
2026-03-31 16:03:23, EXEC, v:1, k:ed@manipulacao, mode:FULL, rate:71, size:155
2026-03-31 16:03:32, EXEC, v:1, k:ed@manipulacao, mode:FULL, rate:71, size:155
2026-03-31 16:05:03, EXEC, v:1, k:ed@manipulacao, mode:FULL, rate:71, size:157
2026-03-31 16:06:48, EXEC, v:1, k:ed@manipulacao, mode:FULL, rate:71, size:158
2026-03-31 16:11:24, EXEC, v:1, k:ed@manipulacao, mode:FULL, rate:71, size:158
2026-03-31 16:17:24, MOVE, v:1, k:ed@manipulacao, mode:BACK
2026-03-31 16:17:34, MOVE, v:1, k:ed@gomos, mode:PICK
2026-03-31 16:48:49, EXEC, v:1, k:ed@gomos, mode:FULL, rate:0, size:38
2026-03-31 18:45:34, MOVE, v:1, k:ed@manipulacao, mode:PICK
2026-03-31 18:47:21, EXEC, v:1, k:ed@manipulacao, mode:FULL, rate:85, size:155
2026-03-31 18:48:44, EXEC, v:1, k:ed@manipulacao, mode:FULL, rate:100, size:157
2026-03-31 18:48:52, MOVE, v:1, k:ed@manipulacao, mode:BACK
2026-03-31 18:49:53, SELF, v:1, k:ed@manipulacao, self:1, rate:100, study:80
2026-03-31 18:50:02, MOVE, v:1, k:ed@princesa, mode:PICK
2026-03-31 18:50:04, EXEC, v:1, k:ed@princesa, mode:FREE
2026-03-31 18:53:00, MOVE, v:1, k:ed@princesa, mode:BACK
2026-03-31 18:53:03, MOVE, v:1, k:ed@manipulacao, mode:PICK
2026-03-31 18:53:07, EXEC, v:1, k:ed@manipulacao, mode:FULL, rate:100
2026-03-31 18:57:27, MOVE, v:1, k:ed@manipulacao, mode:BACK
2026-03-31 18:57:36, MOVE, v:1, k:ed@gomos, mode:PICK
2026-03-31 18:57:37, EXEC, v:1, k:ed@gomos, mode:FREE
2026-03-31 19:02:44, MOVE, v:1, k:ed@gomos, mode:BACK
2026-03-31 19:02:51, MOVE, v:1, k:ed@princesa, mode:PICK
2026-03-31 19:03:28, MOVE, v:1, k:ed@princesa, mode:BACK
2026-03-31 19:03:29, MOVE, v:1, k:ed@princesa, mode:PICK
2026-03-31 19:03:30, MOVE, v:1, k:ed@princesa, mode:BACK
2026-03-31 19:03:31, MOVE, v:1, k:ed@princesa, mode:PICK
2026-03-31 19:11:27, EXEC, v:1, k:ed@princesa, mode:FULL, rate:0, size:58
2026-03-31 19:12:15, EXEC, v:1, k:ed@princesa, mode:FULL, rate:0, size:58
2026-03-31 19:27:54, EXEC, v:1, k:ed@princesa, mode:FULL, size:60, fail:COMP
2026-03-31 19:28:20, EXEC, v:1, k:ed@princesa, mode:FULL, size:59, fail:COMP
2026-03-31 19:28:31, EXEC, v:1, k:ed@princesa, mode:FULL, rate:0, size:58
2026-03-31 19:30:55, EXEC, v:1, k:ed@princesa, mode:FULL, rate:0, size:57
2026-03-31 19:32:27, EXEC, v:1, k:ed@princesa, mode:FULL, rate:0, size:58
2026-03-31 19:33:25, EXEC, v:1, k:ed@princesa, mode:FULL, rate:0, size:61
2026-03-31 19:42:19, EXEC, v:1, k:ed@princesa, mode:FULL, rate:0, size:75
2026-03-31 19:42:44, EXEC, v:1, k:ed@princesa, mode:FULL, rate:0, size:75
2026-03-31 19:43:10, EXEC, v:1, k:ed@princesa, mode:FULL, rate:0, size:80
2026-03-31 19:54:28, EXEC, v:1, k:ed@princesa, mode:FULL, rate:0, size:93
2026-03-31 19:55:06, MOVE, v:1, k:ed@princesa, mode:BACK
