2026-03-30 15:50:28, MOVE, v:1, k:ed@gomos, mode:PICK
2026-03-30 15:50:29, EXEC, v:1, k:ed@gomos, mode:FREE, size:20
2026-03-30 15:50:48, EXEC, v:1, k:ed@gomos, mode:FULL, fail:COMP
2026-03-30 15:51:44, MOVE, v:1, k:ed@gomos, mode:BACK
2026-03-30 15:51:51, MOVE, v:1, k:ed@gomos, mode:PICK
2026-03-30 15:51:52, EXEC, v:1, k:ed@gomos, mode:FREE
2026-03-30 15:59:35, EXEC, v:1, k:ed@gomos, mode:FULL, rate:0, size:28
2026-03-30 16:00:09, EXEC, v:1, k:ed@gomos, mode:FULL, rate:0, size:29
2026-03-30 16:00:39, EXEC, v:1, k:ed@gomos, mode:FULL, rate:0, size:29
2026-03-30 16:00:58, EXEC, v:1, k:ed@gomos, mode:FULL, rate:0, size:28
2026-03-30 16:01:35, EXEC, v:1, k:ed@gomos, mode:FULL, rate:0, size:27
2026-03-30 16:02:15, EXEC, v:1, k:ed@gomos, mode:FULL, rate:0, size:29
2026-03-30 16:03:54, EXEC, v:1, k:ed@gomos, mode:FULL, rate:0, size:29
2026-03-30 16:05:31, EXEC, v:1, k:ed@gomos, mode:FULL, rate:0, size:30
2026-03-30 16:07:16, EXEC, v:1, k:ed@gomos, mode:FULL, rate:0, size:34
2026-03-30 16:07:51, EXEC, v:1, k:ed@gomos, mode:FULL, rate:0, size:34
2026-03-30 16:12:37, MOVE, v:1, k:ed@gomos, mode:BACK
2026-03-30 16:12:51, MOVE, v:1, k:ed@princesa, mode:PICK
2026-03-30 16:12:52, EXEC, v:1, k:ed@princesa, mode:FREE, size:45
2026-03-30 16:13:20, EXEC, v:1, k:ed@princesa, mode:FULL, rate:0
2026-03-30 16:13:43, EXEC, v:1, k:ed@princesa, mode:FULL, rate:0, size:38
2026-03-30 16:17:07, EXEC, v:1, k:ed@princesa, mode:FULL, rate:0, size:46
2026-03-30 16:24:56, EXEC, v:1, k:ed@princesa, mode:FULL, rate:0, size:55
2026-03-30 16:26:59, EXEC, v:1, k:ed@princesa, mode:FULL, rate:0, size:58
2026-03-30 16:30:00, MOVE, v:1, k:ed@princesa, mode:BACK
2026-03-30 16:30:10, MOVE, v:1, k:ed@apagando, mode:PICK
2026-03-30 16:30:11, EXEC, v:1, k:ed@apagando, mode:FREE, size:5
2026-03-30 16:30:15, MOVE, v:1, k:ed@apagando, mode:BACK
2026-03-30 16:30:16, MOVE, v:1, k:ed@apagando, mode:PICK
2026-03-30 16:30:22, MOVE, v:1, k:ed@apagando, mode:BACK
2026-03-30 16:32:20, MOVE, v:1, k:ed@apagando, mode:PICK
2026-03-30 16:32:21, EXEC, v:1, k:ed@apagando, mode:FREE
2026-03-30 16:38:41, EXEC, v:1, k:ed@apagando, mode:FULL, rate:0, size:24
2026-03-30 16:49:58, MOVE, v:1, k:ed@apagando, mode:BACK
