2026-06-10 14:11:16, MOVE, v:1, k:ed@bufferring, mode:BACK
2026-06-10 14:11:24, MOVE, v:1, k:ed@bufferring, mode:PICK
2026-06-10 14:11:26, EXEC, v:1, k:ed@bufferring, mode:FULL, rate:0, size:110
2026-06-10 15:36:00, EXEC, v:1, k:ed@bufferring, mode:FULL, rate:0
2026-06-10 16:08:30, MOVE, v:1, k:ed@bufferring, mode:BACK
2026-06-10 16:08:35, MOVE, v:1, k:ed@bufferring, mode:PICK
2026-06-10 16:08:36, MOVE, v:1, k:ed@bufferring, mode:BACK
2026-06-10 16:08:40, MOVE, v:1, k:ed@bufferring, mode:PICK
2026-06-10 17:44:48, EXEC, v:1, k:ed@bufferring, mode:FULL, rate:0
2026-06-10 18:48:09, MOVE, v:1, k:ed@bufferring, mode:BACK
2026-06-10 18:48:16, MOVE, v:1, k:ed@bufferring, mode:PICK
2026-06-10 19:41:43, EXEC, v:1, k:ed@bufferring, mode:FULL, rate:0
2026-06-10 19:43:43, MOVE, v:1, k:ed@bufferring, mode:EDIT
2026-06-10 19:43:43, MOVE, v:1, k:ed@bufferring, mode:EDIT
2026-06-10 19:43:43, MOVE, v:1, k:ed@bufferring, mode:EDIT
2026-06-10 19:54:05, EXEC, v:1, k:ed@bufferring, mode:FULL, size:127, fail:COMP
2026-06-10 19:54:14, EXEC, v:1, k:ed@bufferring, mode:FULL, rate:0, size:128
2026-06-10 19:54:46, EXEC, v:1, k:ed@bufferring, mode:FULL, rate:16, size:132
2026-06-10 19:54:45, MOVE, v:1, k:ed@bufferring, mode:EDIT
2026-06-10 19:54:45, MOVE, v:1, k:ed@bufferring, mode:EDIT
2026-06-10 19:54:45, MOVE, v:1, k:ed@bufferring, mode:EDIT
2026-06-10 20:20:00, EXEC, v:1, k:ed@bufferring, mode:FULL, rate:16, size:144
2026-06-10 20:19:56, MOVE, v:1, k:ed@bufferring, mode:EDIT
2026-06-10 20:19:56, MOVE, v:1, k:ed@bufferring, mode:EDIT
2026-06-10 20:19:56, MOVE, v:1, k:ed@bufferring, mode:EDIT
2026-06-10 20:57:00, EXEC, v:1, k:ed@bufferring, mode:FULL, rate:16, size:149
2026-06-10 21:00:06, EXEC, v:1, k:ed@bufferring, mode:FULL, rate:16, size:150
2026-06-10 21:00:03, MOVE, v:1, k:ed@bufferring, mode:EDIT
2026-06-10 21:00:03, MOVE, v:1, k:ed@bufferring, mode:EDIT
2026-06-10 21:00:03, MOVE, v:1, k:ed@bufferring, mode:EDIT
2026-06-10 21:02:07, EXEC, v:1, k:ed@bufferring, mode:FULL, rate:16, size:150
2026-06-10 21:02:36, EXEC, v:1, k:ed@bufferring, mode:FULL, rate:16, size:150
2026-06-10 21:03:00, MOVE, v:1, k:ed@bufferring, mode:PICK
2026-06-10 21:03:06, EXEC, v:1, k:ed@bufferring, mode:FULL, size:150, fail:COMP
2026-06-10 21:03:14, EXEC, v:1, k:ed@bufferring, mode:FULL, rate:16, size:150
2026-06-10 21:03:36, EXEC, v:1, k:ed@bufferring, mode:FULL, rate:16, size:151
2026-06-10 21:04:32, EXEC, v:1, k:ed@bufferring, mode:FULL, rate:16, size:151
2026-06-10 21:04:41, EXEC, v:1, k:ed@bufferring, mode:FULL, rate:16, size:151
2026-06-10 21:04:39, MOVE, v:1, k:ed@bufferring, mode:EDIT
2026-06-10 21:04:39, MOVE, v:1, k:ed@bufferring, mode:EDIT
2026-06-10 21:04:39, MOVE, v:1, k:ed@bufferring, mode:EDIT
2026-06-10 21:08:40, EXEC, v:1, k:ed@bufferring, mode:FULL, rate:16, size:151
2026-06-10 21:08:35, MOVE, v:1, k:ed@bufferring, mode:EDIT
2026-06-10 21:08:35, MOVE, v:1, k:ed@bufferring, mode:EDIT
2026-06-10 21:08:35, MOVE, v:1, k:ed@bufferring, mode:EDIT
2026-06-10 21:15:15, MOVE, v:1, k:ed@bufferring, mode:EDIT
2026-06-10 21:15:58, EXEC, v:1, k:ed@bufferring, mode:FULL, rate:16, size:151
2026-06-10 21:16:14, EXEC, v:1, k:ed@bufferring, mode:FULL, rate:16, size:152
2026-06-10 21:16:45, EXEC, v:1, k:ed@bufferring, mode:FULL, rate:33, size:152
2026-06-10 21:17:17, EXEC, v:1, k:ed@bufferring, mode:FULL, rate:16, size:152
2026-06-10 21:17:26, EXEC, v:1, k:ed@bufferring, mode:FULL, rate:33, size:152
2026-06-10 21:17:24, MOVE, v:1, k:ed@bufferring, mode:EDIT
2026-06-10 21:17:24, MOVE, v:1, k:ed@bufferring, mode:EDIT
2026-06-10 21:17:24, MOVE, v:1, k:ed@bufferring, mode:EDIT
2026-06-10 21:29:59, EXEC, v:1, k:ed@bufferring, mode:FULL, rate:33, size:158
2026-06-10 21:29:56, MOVE, v:1, k:ed@bufferring, mode:EDIT
2026-06-10 21:29:56, MOVE, v:1, k:ed@bufferring, mode:EDIT
2026-06-10 21:30:37, EXEC, v:1, k:ed@bufferring, mode:FULL, rate:33, size:158
2026-06-10 21:31:04, EXEC, v:1, k:ed@bufferring, mode:FULL, rate:33, size:158
2026-06-10 21:31:30, EXEC, v:1, k:ed@bufferring, mode:FULL, rate:33, size:159
2026-06-10 21:31:29, MOVE, v:1, k:ed@bufferring, mode:EDIT
2026-06-10 21:31:29, MOVE, v:1, k:ed@bufferring, mode:EDIT
2026-06-10 21:31:29, MOVE, v:1, k:ed@bufferring, mode:EDIT
2026-06-10 21:35:55, EXEC, v:1, k:ed@bufferring, mode:FULL, rate:33, size:159
2026-06-10 21:36:15, EXEC, v:1, k:ed@bufferring, mode:FULL, rate:33, size:162
2026-06-10 21:36:33, EXEC, v:1, k:ed@bufferring, mode:FULL, rate:33, size:161
2026-06-10 21:36:56, EXEC, v:1, k:ed@bufferring, mode:FULL, rate:33, size:161
2026-06-10 21:36:55, MOVE, v:1, k:ed@bufferring, mode:EDIT
2026-06-10 21:36:55, MOVE, v:1, k:ed@bufferring, mode:EDIT
2026-06-10 21:36:55, MOVE, v:1, k:ed@bufferring, mode:EDIT
2026-06-10 21:40:42, EXEC, v:1, k:ed@bufferring, mode:FULL, rate:33, size:169
2026-06-10 21:40:55, EXEC, v:1, k:ed@bufferring, mode:FULL, rate:50, size:169
2026-06-10 21:42:05, EXEC, v:1, k:ed@bufferring, mode:FULL, rate:50, size:173
2026-06-10 21:42:17, EXEC, v:1, k:ed@bufferring, mode:FULL, rate:50, size:172
2026-06-10 21:42:32, EXEC, v:1, k:ed@bufferring, mode:FULL, rate:66, size:173
2026-06-10 21:42:31, MOVE, v:1, k:ed@bufferring, mode:EDIT
2026-06-10 21:42:31, MOVE, v:1, k:ed@bufferring, mode:EDIT
2026-06-10 21:42:31, MOVE, v:1, k:ed@bufferring, mode:EDIT
2026-06-10 21:51:58, EXEC, v:1, k:ed@bufferring, mode:FULL, rate:66, size:178
2026-06-10 21:52:26, EXEC, v:1, k:ed@bufferring, mode:FULL, rate:66, size:179
2026-06-10 21:52:50, MOVE, v:1, k:ed@bufferring, mode:EDIT
2026-06-10 21:53:23, EXEC, v:1, k:ed@bufferring, mode:FULL, rate:66, size:182
2026-06-10 21:53:37, EXEC, v:1, k:ed@bufferring, mode:FULL, rate:66, size:182
2026-06-10 21:53:49, EXEC, v:1, k:ed@bufferring, mode:FULL, rate:66, size:182
2026-06-10 21:53:54, EXEC, v:1, k:ed@bufferring, mode:FULL, rate:83, size:182
2026-06-10 21:53:52, MOVE, v:1, k:ed@bufferring, mode:EDIT
2026-06-10 21:53:52, MOVE, v:1, k:ed@bufferring, mode:EDIT
2026-06-10 21:57:52, MOVE, v:1, k:ed@bufferring, mode:EDIT
2026-06-10 21:58:02, EXEC, v:1, k:ed@bufferring, mode:FULL, rate:83, size:182
2026-06-10 21:58:11, EXEC, v:1, k:ed@bufferring, mode:FULL, rate:83, size:182
2026-06-10 21:59:17, EXEC, v:1, k:ed@bufferring, mode:FULL, rate:83, size:182
2026-06-10 21:59:54, EXEC, v:1, k:ed@bufferring, mode:FULL, rate:100, size:182
2026-06-10 21:59:52, MOVE, v:1, k:ed@bufferring, mode:EDIT
2026-06-10 21:59:52, MOVE, v:1, k:ed@bufferring, mode:EDIT
2026-06-10 22:02:13, MOVE, v:1, k:ed@bufferring, mode:BACK
2026-06-10 21:59:52, MOVE, v:1, k:ed@bufferring, mode:EDIT
2026-06-10 22:49:29, SELF, v:1, k:ed@bufferring, self:1, rate:100, study:67, guided:1, concept:1
