2026-06-15 15:38:08, MOVE, v:1, k:ed@bufferring, mode:PICK
2026-06-15 15:38:10, EXEC, v:1, k:ed@bufferring, mode:FULL, rate:100
2026-06-15 15:38:12, MOVE, v:1, k:ed@bufferring, mode:BACK
2026-06-15 15:38:15, MOVE, v:1, k:ed@fila_enc, mode:DOWN
2026-06-15 15:38:16, MOVE, v:1, k:ed@fila_enc, mode:PICK
2026-06-15 15:38:29, EXEC, v:1, k:ed@fila_enc, mode:FULL, rate:0, size:82
2026-06-15 15:38:15, MOVE, v:1, k:ed@fila_enc, mode:EDIT
2026-06-15 15:38:15, MOVE, v:1, k:ed@fila_enc, mode:EDIT
2026-06-15 15:38:15, MOVE, v:1, k:ed@fila_enc, mode:EDIT
2026-06-15 15:45:26, EXEC, v:1, k:ed@fila_enc, mode:FULL, rate:0, size:84
2026-06-15 15:47:03, EXEC, v:1, k:ed@fila_enc, mode:FULL, rate:0, size:88
2026-06-15 15:47:16, EXEC, v:1, k:ed@fila_enc, mode:FULL, rate:0, size:89
2026-06-15 15:47:51, EXEC, v:1, k:ed@fila_enc, mode:FULL, rate:33, size:93
2026-06-15 15:48:05, EXEC, v:1, k:ed@fila_enc, mode:FULL, rate:33, size:94
2026-06-15 15:49:50, MOVE, v:1, k:ed@fila_enc, mode:EDIT
2026-06-15 15:52:27, EXEC, v:1, k:ed@fila_enc, mode:FULL, size:102, fail:COMP
2026-06-15 15:52:49, EXEC, v:1, k:ed@fila_enc, mode:FULL, rate:33, size:102
2026-06-15 15:53:00, EXEC, v:1, k:ed@fila_enc, mode:FULL, rate:33, size:103
2026-06-15 15:53:47, EXEC, v:1, k:ed@fila_enc, mode:FULL, rate:33, size:107
2026-06-15 15:53:58, EXEC, v:1, k:ed@fila_enc, mode:FULL, rate:33, size:108
2026-06-15 15:54:27, EXEC, v:1, k:ed@fila_enc, mode:FULL, rate:33, size:108
2026-06-15 15:54:56, EXEC, v:1, k:ed@fila_enc, mode:FULL, rate:66, size:108
2026-06-15 15:54:55, MOVE, v:1, k:ed@fila_enc, mode:EDIT
2026-06-15 15:55:07, EXEC, v:1, k:ed@fila_enc, mode:FULL, rate:66, size:109
2026-06-15 15:56:22, MOVE, v:1, k:ed@fila_enc, mode:EDIT
2026-06-15 21:44:34, MOVE, v:1, k:ed@fila_enc, mode:EDIT
2026-06-15 23:39:15, EXEC, v:1, k:ed@fila_enc, mode:FULL, rate:66, size:119
2026-06-15 23:39:13, MOVE, v:1, k:ed@fila_enc, mode:EDIT
2026-06-15 23:40:13, EXEC, v:1, k:ed@fila_enc, mode:FULL, rate:66, size:119
2026-06-15 23:43:13, EXEC, v:1, k:ed@fila_enc, mode:FULL, rate:66, size:119
2026-06-15 23:43:54, EXEC, v:1, k:ed@fila_enc, mode:FULL, rate:66, size:119
2026-06-15 23:43:18, MOVE, v:1, k:ed@fila_enc, mode:EDIT
2026-06-15 23:47:15, MOVE, v:1, k:ed@fila_enc, mode:EDIT
2026-06-15 23:51:58, EXEC, v:1, k:ed@fila_enc, mode:FULL, rate:66, size:119
2026-06-15 23:53:50, EXEC, v:1, k:ed@fila_enc, mode:FULL, rate:66, size:121
2026-06-15 23:54:19, EXEC, v:1, k:ed@fila_enc, mode:FULL, rate:66, size:122
2026-06-15 23:54:17, MOVE, v:1, k:ed@fila_enc, mode:EDIT
2026-06-15 23:54:47, EXEC, v:1, k:ed@fila_enc, mode:FULL, rate:66, size:122
2026-06-15 23:56:00, EXEC, v:1, k:ed@fila_enc, mode:FULL, rate:66, size:121
2026-06-15 23:57:56, EXEC, v:1, k:ed@fila_enc, mode:FULL, rate:100, size:126
2026-06-15 23:58:07, MOVE, v:1, k:ed@fila_enc, mode:BACK
2026-06-15 23:58:29, MOVE, v:1, k:ed@fila_enc, mode:PICK
2026-06-15 23:58:30, MOVE, v:1, k:ed@fila_enc, mode:BACK
2026-06-15 23:58:51, SELF, v:1, k:ed@fila_enc, self:1, rate:100, study:60, concept:1
2026-06-15 23:59:03, MOVE, v:1, k:ed@pilha, mode:DOWN
2026-06-15 23:59:12, MOVE, v:1, k:ed@pilha, mode:PICK
2026-06-15 23:57:55, MOVE, v:1, k:ed@fila_enc, mode:EDIT
2026-06-15 23:59:03, MOVE, v:1, k:ed@pilha, mode:EDIT
2026-06-15 23:59:03, MOVE, v:1, k:ed@pilha, mode:EDIT
2026-06-15 23:59:03, MOVE, v:1, k:ed@pilha, mode:EDIT
2026-06-15 23:59:03, MOVE, v:1, k:ed@pilha, mode:EDIT
