2026-06-01 15:51:31, MOVE, v:1, k:ed@setbuild, mode:PICK
2026-06-01 15:51:38, EXEC, v:1, k:ed@setbuild, mode:FULL, size:157, fail:COMP
2026-06-01 15:52:13, EXEC, v:1, k:ed@setbuild, mode:FULL, rate:33, size:157
2026-06-01 15:54:30, MOVE, v:1, k:ed@setbuild, mode:EDIT
2026-06-01 15:57:50, EXEC, v:1, k:ed@setbuild, mode:FULL, rate:33, size:162
2026-06-01 15:58:11, EXEC, v:1, k:ed@setbuild, mode:FULL, rate:33, size:162
2026-06-01 16:00:33, EXEC, v:1, k:ed@setbuild, mode:FULL, rate:66, size:162
2026-06-01 16:00:48, MOVE, v:1, k:ed@setbuild, mode:EDIT
2026-06-01 16:17:26, EXEC, v:1, k:ed@setbuild, mode:FULL, rate:66, size:165
2026-06-01 16:18:09, EXEC, v:1, k:ed@setbuild, mode:FULL, rate:66, size:165
2026-06-01 16:19:18, EXEC, v:1, k:ed@setbuild, mode:FULL, rate:66, size:165
2026-06-01 16:19:43, EXEC, v:1, k:ed@setbuild, mode:FULL, rate:66, size:165
2026-06-01 16:20:07, EXEC, v:1, k:ed@setbuild, mode:FULL, rate:66, size:165
2026-06-01 16:20:20, EXEC, v:1, k:ed@setbuild, mode:FULL, rate:100, size:165
2026-06-01 16:20:24, MOVE, v:1, k:ed@setbuild, mode:BACK
2026-06-01 16:20:19, MOVE, v:1, k:ed@setbuild, mode:EDIT
2026-06-01 16:22:32, MOVE, v:1, k:ed@bettersearch, mode:PICK
2026-06-01 16:23:02, EXEC, v:1, k:ed@bettersearch, mode:FULL, rate:18
2026-06-01 16:25:02, MOVE, v:1, k:ed@bettersearch, mode:BACK
2026-06-01 16:25:03, MOVE, v:1, k:ed@setbuild, mode:PICK
2026-06-01 16:25:45, MOVE, v:1, k:ed@bettersearch, mode:EDIT
2026-06-01 16:27:44, EXEC, v:1, k:ed@setbuild, mode:FULL, rate:100
2026-06-01 16:28:03, MOVE, v:1, k:ed@setbuild, mode:BACK
2026-06-01 16:28:12, MOVE, v:1, k:ed@vetbuild, mode:PICK
2026-06-01 16:28:23, SELF, v:1, k:ed@vetbuild, self:1, rate:100, study:561
2026-06-01 16:28:32, MOVE, v:1, k:ed@vetbuild, mode:BACK
2026-06-01 16:28:33, MOVE, v:1, k:ed@vetbuild, mode:PICK
2026-06-01 16:28:38, MOVE, v:1, k:ed@vetbuild, mode:BACK
2026-06-01 16:28:42, MOVE, v:1, k:ed@setbuild, mode:PICK
2026-06-01 16:28:46, MOVE, v:1, k:ed@setbuild, mode:BACK
2026-06-01 16:28:47, MOVE, v:1, k:ed@vetbuild, mode:PICK
2026-06-01 16:28:55, SELF, v:1, k:ed@vetbuild, self:1, rate:100, study:561, concept:1
2026-06-01 16:28:55, MOVE, v:1, k:ed@vetbuild, mode:BACK
2026-06-01 16:28:58, MOVE, v:1, k:ed@setbuild, mode:PICK
2026-06-01 16:29:09, MOVE, v:1, k:ed@setbuild, mode:BACK
2026-06-01 16:29:15, MOVE, v:1, k:ed@setbuild, mode:PICK
2026-06-01 16:29:21, SELF, v:1, k:ed@setbuild, self:1, rate:100, study:199, concept:1
2026-06-01 16:29:22, MOVE, v:1, k:ed@setbuild, mode:BACK
2026-06-01 16:29:27, MOVE, v:1, k:ed@bettersearch, mode:PICK
2026-06-01 16:29:28, MOVE, v:1, k:ed@bettersearch, mode:BACK
2026-06-01 16:29:37, SELF, v:1, k:ed@bettersearch, self:1, rate:18, study:20
2026-06-01 16:29:43, MOVE, v:1, k:ed@bettersearch, mode:PICK
2026-06-01 16:29:44, MOVE, v:1, k:ed@bettersearch, mode:BACK
2026-06-01 16:29:46, MOVE, v:1, k:ed@bettersearch, mode:PICK
2026-06-01 16:29:47, EXEC, v:1, k:ed@bettersearch, mode:FULL, rate:36, size:48
2026-06-01 16:29:49, MOVE, v:1, k:ed@bettersearch, mode:BACK
2026-06-01 16:29:58, MOVE, v:1, k:ed@bettersearch, mode:PICK
2026-06-01 16:29:59, MOVE, v:1, k:ed@bettersearch, mode:BACK
2026-06-01 16:30:01, MOVE, v:1, k:ed@multiset, mode:DOWN
2026-06-01 16:30:01, MOVE, v:1, k:ed@multiset, mode:PICK
2026-06-01 16:30:02, MOVE, v:1, k:ed@multiset, mode:BACK
2026-06-01 16:30:03, MOVE, v:1, k:ed@setbuild, mode:PICK
2026-06-01 16:30:03, MOVE, v:1, k:ed@setbuild, mode:BACK
2026-06-01 16:30:10, MOVE, v:1, k:ed@bettersearch, mode:PICK
2026-06-01 16:30:17, MOVE, v:1, k:ed@bettersearch, mode:BACK
2026-06-01 16:30:26, MOVE, v:1, k:ed@bettersearch, mode:PICK
2026-06-01 16:30:27, EXEC, v:1, k:ed@bettersearch, mode:FULL, rate:36
2026-06-01 16:27:59, MOVE, v:1, k:ed@bettersearch, mode:EDIT
2026-06-01 16:30:01, MOVE, v:1, k:ed@multiset, mode:EDIT
2026-06-01 16:30:01, MOVE, v:1, k:ed@multiset, mode:EDIT
2026-06-01 16:30:01, MOVE, v:1, k:ed@multiset, mode:EDIT
2026-06-01 16:30:01, MOVE, v:1, k:ed@multiset, mode:EDIT
2026-06-01 16:31:14, EXEC, v:1, k:ed@bettersearch, mode:FULL, rate:45, size:53
2026-06-01 16:34:03, EXEC, v:1, k:ed@bettersearch, mode:FULL, rate:45, size:56
2026-06-01 16:34:21, EXEC, v:1, k:ed@bettersearch, mode:FULL, rate:72, size:56
2026-06-01 16:34:19, MOVE, v:1, k:ed@bettersearch, mode:EDIT
2026-06-01 16:41:17, EXEC, v:1, k:ed@bettersearch, mode:FULL, rate:72, size:56
2026-06-01 16:42:26, EXEC, v:1, k:ed@bettersearch, mode:FULL, rate:63, size:56
2026-06-01 16:45:38, EXEC, v:1, k:ed@bettersearch, mode:FULL, rate:63, size:60
2026-06-01 16:45:34, MOVE, v:1, k:ed@bettersearch, mode:EDIT
2026-06-01 16:46:17, EXEC, v:1, k:ed@bettersearch, mode:FULL, rate:81, size:60
2026-06-01 16:46:44, EXEC, v:1, k:ed@bettersearch, mode:FULL, rate:63, size:60
2026-06-01 16:50:02, MOVE, v:1, k:ed@bettersearch, mode:BACK
2026-06-01 16:46:42, MOVE, v:1, k:ed@bettersearch, mode:EDIT
2026-06-01 20:40:11, MOVE, v:1, k:ed@bettersearch, mode:PICK
2026-06-01 20:43:53, EXEC, v:1, k:ed@bettersearch, mode:FULL, rate:45, size:56
2026-06-01 20:44:25, EXEC, v:1, k:ed@bettersearch, mode:FULL, rate:45, size:56
2026-06-01 20:44:23, MOVE, v:1, k:ed@bettersearch, mode:EDIT
2026-06-01 20:47:18, EXEC, v:1, k:ed@bettersearch, mode:FULL, rate:100, size:51
2026-06-01 20:47:27, MOVE, v:1, k:ed@bettersearch, mode:BACK
2026-06-01 20:47:41, SELF, v:1, k:ed@bettersearch, self:1, rate:100, study:50
2026-06-01 20:47:50, MOVE, v:1, k:ed@multiset, mode:PICK
2026-06-01 20:47:17, MOVE, v:1, k:ed@bettersearch, mode:EDIT
2026-06-01 20:51:42, EXEC, v:1, k:ed@multiset, mode:FULL, rate:0, size:59
