2026-05-21 16:09:05, MOVE, v:1, k:ed@setbuild, mode:PICK
2026-05-21 16:12:09, MOVE, v:1, k:ed@setbuild, mode:EDIT
2026-05-21 16:17:56, EXEC, v:1, k:ed@setbuild, mode:FULL, rate:0, size:66
2026-05-21 16:18:40, MOVE, v:1, k:ed@setbuild, mode:EDIT
2026-05-21 16:18:57, EXEC, v:1, k:ed@setbuild, mode:FULL, rate:0, size:70
2026-05-21 16:23:00, MOVE, v:1, k:ed@setbuild, mode:EDIT
2026-05-21 16:24:37, EXEC, v:1, k:ed@setbuild, mode:FULL, rate:0, size:78
2026-05-21 16:25:42, EXEC, v:1, k:ed@setbuild, mode:FULL, rate:0, size:78
2026-05-21 16:26:31, EXEC, v:1, k:ed@setbuild, mode:FULL, rate:0, size:79
2026-05-21 16:27:18, EXEC, v:1, k:ed@setbuild, mode:FULL, rate:0, size:79
2026-05-21 16:27:15, MOVE, v:1, k:ed@setbuild, mode:EDIT
2026-05-21 16:28:49, MOVE, v:1, k:ed@vetbuild, mode:EDIT
2026-05-21 16:28:52, EXEC, v:1, k:ed@setbuild, mode:FULL, rate:0
2026-05-21 16:29:04, EXEC, v:1, k:ed@setbuild, mode:FULL, rate:0, size:79
2026-05-21 16:29:31, EXEC, v:1, k:ed@setbuild, mode:FULL, rate:0, size:79
2026-05-21 16:31:17, EXEC, v:1, k:ed@setbuild, mode:FULL, rate:0, size:79
2026-05-21 16:32:04, EXEC, v:1, k:ed@setbuild, mode:FULL, rate:0, size:79
2026-05-21 16:31:38, MOVE, v:1, k:ed@setbuild, mode:EDIT
2026-05-21 16:35:36, MOVE, v:1, k:ed@setbuild, mode:BACK
2026-05-21 16:36:03, MOVE, v:1, k:ed@setbuild, mode:PICK
2026-05-21 16:43:46, MOVE, v:1, k:ed@setbuild, mode:EDIT
2026-05-21 16:44:35, EXEC, v:1, k:ed@setbuild, mode:FULL, rate:0, size:90
2026-05-21 16:47:03, MOVE, v:1, k:ed@setbuild, mode:EDIT
2026-05-21 16:52:47, MOVE, v:1, k:ed@setbuild, mode:EDIT
2026-05-21 16:55:53, MOVE, v:1, k:ed@setbuild, mode:BACK
2026-05-21 19:43:28, MOVE, v:1, k:ed@setbuild, mode:PICK
2026-05-21 19:44:46, MOVE, v:1, k:ed@vetbuild, mode:EDIT
2026-05-21 19:48:32, EXEC, v:1, k:ed@setbuild, mode:FULL, rate:0, size:97
2026-05-21 19:49:11, EXEC, v:1, k:ed@setbuild, mode:FULL, rate:0, size:97
2026-05-21 19:49:23, EXEC, v:1, k:ed@setbuild, mode:FULL, rate:0
2026-05-21 19:49:29, EXEC, v:1, k:ed@setbuild, mode:FULL, rate:0
2026-05-21 19:49:36, EXEC, v:1, k:ed@setbuild, mode:FULL, rate:0, size:97
2026-05-21 19:49:35, MOVE, v:1, k:ed@setbuild, mode:EDIT
2026-05-21 19:56:04, EXEC, v:1, k:ed@setbuild, mode:FULL, rate:0, size:93
2026-05-21 19:57:30, EXEC, v:1, k:ed@setbuild, mode:FULL, rate:0
2026-05-21 19:56:01, MOVE, v:1, k:ed@setbuild, mode:EDIT
2026-05-21 20:02:42, EXEC, v:1, k:ed@setbuild, mode:FULL, rate:0, size:93
2026-05-21 20:02:10, MOVE, v:1, k:ed@setbuild, mode:EDIT
2026-05-21 20:04:45, EXEC, v:1, k:ed@setbuild, mode:FULL, rate:0, size:94
2026-05-21 20:04:43, MOVE, v:1, k:ed@setbuild, mode:EDIT
