2026-05-10 18:13:48, MOVE, v:1, k:ed@treinando, mode:DOWN
2026-05-10 18:13:49, MOVE, v:1, k:ed@treinando, mode:PICK
2026-05-10 18:13:48, MOVE, v:1, k:ed@treinando, mode:EDIT
2026-05-10 18:13:48, MOVE, v:1, k:ed@treinando, mode:EDIT
2026-05-10 18:13:48, MOVE, v:1, k:ed@treinando, mode:EDIT
2026-05-10 18:21:53, MOVE, v:1, k:ed@treinando, mode:EDIT
2026-05-10 18:27:52, MOVE, v:1, k:ed@treinando, mode:EDIT
2026-05-10 18:33:29, EXEC, v:1, k:ed@treinando, mode:FULL, rate:0, size:107
2026-05-10 18:33:24, MOVE, v:1, k:ed@treinando, mode:EDIT
2026-05-10 18:34:45, EXEC, v:1, k:ed@treinando, mode:FULL, rate:0, size:107
2026-05-10 18:36:32, EXEC, v:1, k:ed@treinando, mode:FULL, rate:0, size:109
2026-05-10 18:36:54, EXEC, v:1, k:ed@treinando, mode:FULL, rate:0, size:109
2026-05-10 18:36:49, MOVE, v:1, k:ed@treinando, mode:EDIT
2026-05-10 18:39:03, EXEC, v:1, k:ed@treinando, mode:FULL, rate:0, size:108
2026-05-10 18:39:22, EXEC, v:1, k:ed@treinando, mode:FULL, rate:16, size:108
2026-05-10 18:42:24, MOVE, v:1, k:ed@treinando, mode:EDIT
2026-05-10 18:47:09, EXEC, v:1, k:ed@treinando, mode:FULL, rate:50, size:106
2026-05-10 18:47:07, MOVE, v:1, k:ed@treinando, mode:EDIT
2026-05-10 18:50:49, EXEC, v:1, k:ed@treinando, mode:FULL, rate:50, size:106
2026-05-10 18:52:46, MOVE, v:1, k:ed@treinando, mode:EDIT
2026-05-10 19:00:27, EXEC, v:1, k:ed@treinando, mode:FULL, size:110, fail:COMP
2026-05-10 19:00:53, EXEC, v:1, k:ed@treinando, mode:FULL, rate:66, size:109
2026-05-10 19:02:22, EXEC, v:1, k:ed@treinando, mode:FULL, rate:66, size:111
2026-05-10 19:02:40, EXEC, v:1, k:ed@treinando, mode:FULL, rate:83, size:111
2026-05-10 19:02:38, MOVE, v:1, k:ed@treinando, mode:EDIT
2026-05-10 19:18:12, MOVE, v:1, k:ed@treinando, mode:EDIT
2026-05-10 19:21:43, MOVE, v:1, k:ed@treinando, mode:EDIT
2026-05-10 19:31:12, MOVE, v:1, k:ed@treinando, mode:EDIT
2026-05-10 19:37:43, EXEC, v:1, k:ed@treinando, mode:FULL, size:128, fail:COMP
2026-05-10 19:37:50, MOVE, v:1, k:ed@treinando, mode:BACK
2026-05-10 19:37:55, MOVE, v:1, k:ed@treinando, mode:PICK
2026-05-10 19:37:56, MOVE, v:1, k:ed@treinando, mode:BACK
2026-05-10 19:38:02, MOVE, v:1, k:ed@treinando, mode:PICK
2026-05-10 19:38:03, MOVE, v:1, k:ed@treinando, mode:BACK
2026-05-10 19:38:05, MOVE, v:1, k:ed@treinando, mode:PICK
2026-05-10 19:37:39, MOVE, v:1, k:ed@treinando, mode:EDIT
2026-05-10 20:12:45, MOVE, v:1, k:ed@treinando, mode:EDIT
2026-05-10 22:00:21, MOVE, v:1, k:ed@treinando, mode:EDIT
2026-05-10 22:10:44, MOVE, v:1, k:ed@treinando, mode:EDIT
2026-05-10 22:18:30, MOVE, v:1, k:ed@treinando, mode:EDIT
2026-05-10 22:21:11, MOVE, v:1, k:ed@treinando, mode:EDIT
2026-05-10 22:25:17, EXEC, v:1, k:ed@treinando, mode:FULL, rate:83, size:129
2026-05-10 22:26:23, EXEC, v:1, k:ed@treinando, mode:FULL, rate:100, size:129
2026-05-10 22:26:29, MOVE, v:1, k:ed@treinando, mode:BACK
2026-05-10 22:26:33, MOVE, v:1, k:ed@treinando, mode:PICK
2026-05-10 22:26:36, MOVE, v:1, k:ed@treinando, mode:BACK
2026-05-10 22:27:35, MOVE, v:1, k:ed@resto, mode:DOWN
2026-05-10 22:27:36, MOVE, v:1, k:ed@resto, mode:PICK
2026-05-10 22:29:41, MOVE, v:1, k:ed@resto, mode:BACK
2026-05-10 22:27:35, MOVE, v:1, k:ed@resto, mode:EDIT
2026-05-10 22:27:35, MOVE, v:1, k:ed@resto, mode:EDIT
2026-05-10 22:28:57, MOVE, v:1, k:ed@resto, mode:EDIT
2026-05-10 22:41:58, MOVE, v:1, k:ed@resto, mode:EDIT
2026-05-10 22:47:04, MOVE, v:1, k:ed@resto, mode:PICK
2026-05-10 22:47:09, EXEC, v:1, k:ed@resto, mode:FULL, rate:0, size:17
2026-05-10 22:46:49, MOVE, v:1, k:ed@resto, mode:EDIT
2026-05-10 22:48:39, EXEC, v:1, k:ed@resto, mode:FULL, rate:0, size:19
2026-05-10 22:49:13, EXEC, v:1, k:ed@resto, mode:FULL, rate:0, size:19
2026-05-10 22:49:38, EXEC, v:1, k:ed@resto, mode:FULL, rate:0, size:20
2026-05-10 22:52:07, MOVE, v:1, k:ed@resto, mode:EDIT
2026-05-10 22:53:04, EXEC, v:1, k:ed@resto, mode:FULL, size:20, fail:COMP
2026-05-10 22:53:30, EXEC, v:1, k:ed@resto, mode:FULL, rate:0, size:20
2026-05-10 22:53:49, EXEC, v:1, k:ed@resto, mode:FULL, rate:0, size:20
2026-05-10 22:53:45, MOVE, v:1, k:ed@resto, mode:EDIT
2026-05-10 23:03:57, MOVE, v:1, k:ed@resto, mode:BACK
