2026-05-19 15:41:54, MOVE, v:1, k:ed@setbuild, mode:PICK
2026-05-19 15:42:06, EXEC, v:1, k:ed@setbuild, mode:FULL, rate:0
2026-05-19 15:46:35, MOVE, v:1, k:ed@setbuild, mode:EDIT
2026-05-19 15:50:40, EXEC, v:1, k:ed@setbuild, mode:FULL, rate:0, size:99
2026-05-19 15:52:54, MOVE, v:1, k:ed@setbuild, mode:BACK
2026-05-19 15:53:09, MOVE, v:1, k:ed@setbuild, mode:PICK
2026-05-19 15:53:12, EXEC, v:1, k:ed@setbuild, mode:FULL, size:100, fail:COMP
2026-05-19 15:53:24, MOVE, v:1, k:ed@setbuild, mode:BACK
2026-05-19 15:53:28, MOVE, v:1, k:ed@setbuild, mode:PICK
2026-05-19 15:55:31, EXEC, v:1, k:ed@setbuild, mode:FULL, size:100, fail:COMP
2026-05-19 15:56:38, MOVE, v:1, k:ed@setbuild, mode:EDIT
2026-05-19 15:58:23, MOVE, v:1, k:ed@setbuild, mode:BACK
2026-05-19 15:58:25, MOVE, v:1, k:ed@vetbuild, mode:PICK
2026-05-19 15:58:58, MOVE, v:1, k:ed@vetbuild, mode:BACK
2026-05-19 15:58:59, MOVE, v:1, k:ed@setbuild, mode:PICK
2026-05-19 15:58:20, MOVE, v:1, k:ed@setbuild, mode:EDIT
2026-05-19 16:05:00, EXEC, v:1, k:ed@setbuild, mode:FULL, size:126, fail:COMP
2026-05-19 16:07:02, EXEC, v:1, k:ed@setbuild, mode:FULL, rate:0, size:131
2026-05-19 16:07:58, MOVE, v:1, k:ed@setbuild, mode:BACK
2026-05-19 16:08:00, MOVE, v:1, k:ed@setbuild, mode:PICK
2026-05-19 16:06:57, MOVE, v:1, k:ed@setbuild, mode:EDIT
2026-05-19 16:09:36, EXEC, v:1, k:ed@setbuild, mode:FULL, rate:0, size:134
2026-05-19 16:11:16, EXEC, v:1, k:ed@setbuild, mode:FULL, rate:0
2026-05-19 16:09:34, MOVE, v:1, k:ed@setbuild, mode:EDIT
2026-05-19 16:13:40, EXEC, v:1, k:ed@setbuild, mode:FULL, rate:0
2026-05-19 16:18:36, EXEC, v:1, k:ed@setbuild, mode:FULL, rate:0, size:134
2026-05-19 16:19:14, EXEC, v:1, k:ed@setbuild, mode:FULL, rate:0, size:134
2026-05-19 16:18:42, MOVE, v:1, k:ed@setbuild, mode:EDIT
2026-05-19 16:27:43, MOVE, v:1, k:ed@setbuild, mode:BACK
2026-05-19 16:27:50, MOVE, v:1, k:ed@bettersearch, mode:DOWN
2026-05-19 16:27:50, MOVE, v:1, k:ed@bettersearch, mode:PICK
2026-05-19 16:27:57, MOVE, v:1, k:ed@bettersearch, mode:BACK
2026-05-19 16:28:08, MOVE, v:1, k:ed@bettersearch, mode:PICK
2026-05-19 16:27:50, MOVE, v:1, k:ed@bettersearch, mode:EDIT
2026-05-19 16:27:50, MOVE, v:1, k:ed@bettersearch, mode:EDIT
2026-05-19 16:27:50, MOVE, v:1, k:ed@bettersearch, mode:EDIT
2026-05-19 16:30:10, EXEC, v:1, k:ed@bettersearch, mode:FULL, rate:18, size:33
2026-05-19 16:35:08, MOVE, v:1, k:ed@bettersearch, mode:BACK
2026-05-19 16:37:00, MOVE, v:1, k:ed@vetbuild, mode:PICK
2026-05-19 16:37:05, MOVE, v:1, k:ed@vetbuild, mode:BACK
2026-05-19 16:33:49, MOVE, v:1, k:ed@bettersearch, mode:EDIT
2026-05-19 16:39:14, MOVE, v:1, k:ed@treinando, mode:PICK
2026-05-19 16:39:15, EXEC, v:1, k:ed@treinando, mode:FULL, rate:100
2026-05-19 16:39:16, MOVE, v:1, k:ed@treinando, mode:BACK
2026-05-19 16:42:07, MOVE, v:1, k:ed@bettersearch, mode:EDIT
2026-05-19 16:46:05, MOVE, v:1, k:ed@setbuild, mode:PICK
2026-05-19 16:48:58, MOVE, v:1, k:ed@setbuild, mode:BACK
2026-05-19 16:55:07, MOVE, v:1, k:ed@setbuild, mode:PICK
2026-05-19 16:55:42, MOVE, v:1, k:ed@setbuild, mode:BACK
2026-05-19 16:55:46, MOVE, v:1, k:ed@vetbuild, mode:PICK
2026-05-19 16:55:47, MOVE, v:1, k:ed@vetbuild, mode:BACK
2026-05-19 16:58:18, MOVE, v:1, k:ed@setbuild, mode:PICK
2026-05-19 16:58:20, EXEC, v:1, k:ed@setbuild, mode:FULL, rate:0
2026-05-19 16:59:25, EXEC, v:1, k:ed@setbuild, mode:FULL, rate:0
2026-05-19 17:00:30, MOVE, v:1, k:ed@setbuild, mode:BACK
2026-05-19 17:00:38, MOVE, v:1, k:ed@setbuild, mode:DOWN
2026-05-19 17:00:38, MOVE, v:1, k:ed@setbuild, mode:PICK
2026-05-19 17:01:03, EXEC, v:1, k:ed@setbuild, mode:FULL, size:46, fail:COMP
2026-05-19 17:01:24, EXEC, v:1, k:ed@setbuild, mode:FULL, size:47, fail:COMP
2026-05-19 17:00:38, MOVE, v:1, k:ed@setbuild, mode:EDIT
2026-05-19 17:00:38, MOVE, v:1, k:ed@setbuild, mode:EDIT
2026-05-19 17:00:38, MOVE, v:1, k:ed@setbuild, mode:EDIT
2026-05-19 17:01:20, MOVE, v:1, k:ed@setbuild, mode:EDIT
