2026-03-24 15:28:43, MOVE, v:1, k:ed@baruel, mode:PICK
2026-03-24 15:28:44, EXEC, v:1, k:ed@baruel, mode:FULL, rate:100
2026-03-24 15:28:44, MOVE, v:1, k:ed@baruel, mode:BACK
2026-03-24 15:28:49, MOVE, v:1, k:ed@baruel, mode:PICK
2026-03-24 15:28:49, MOVE, v:1, k:ed@baruel, mode:BACK
2026-03-24 15:29:54, SELF, v:1, k:ed@baruel, self:1, rate:100, study:60
2026-03-24 15:31:51, SELF, v:1, k:ed@casais, self:1, rate:100, study:40
2026-03-24 15:31:59, MOVE, v:1, k:ed@baruel, mode:PICK
2026-03-24 15:32:00, EXEC, v:1, k:ed@baruel, mode:FREE
2026-03-24 15:33:27, MOVE, v:1, k:ed@baruel, mode:BACK
2026-03-24 15:33:41, SELF, v:1, k:ed@pedra, self:1, rate:100, study:50
2026-03-24 15:33:59, SELF, v:1, k:ed@mumia, self:1, rate:100, study:17
2026-03-24 15:34:07, SELF, v:1, k:ed@pintando, self:1, rate:100, study:5
2026-03-24 15:34:14, MOVE, v:1, k:ed@fuga, mode:PICK
2026-03-24 15:34:15, EXEC, v:1, k:ed@fuga, mode:FREE, size:35
2026-03-24 15:34:33, MOVE, v:1, k:ed@fuga, mode:PICK
2026-03-24 15:34:36, EXEC, v:1, k:ed@fuga, mode:FULL, rate:40
2026-03-24 15:35:15, MOVE, v:1, k:ed@fuga, mode:BACK
2026-03-24 15:35:21, MOVE, v:1, k:ed@fuga, mode:PICK
2026-03-24 15:35:22, EXEC, v:1, k:ed@fuga, mode:FREE
2026-03-24 15:35:38, MOVE, v:1, k:ed@fuga, mode:PICK
2026-03-24 15:35:39, EXEC, v:1, k:ed@fuga, mode:FREE
2026-03-24 15:36:57, MOVE, v:1, k:ed@gomos, mode:PICK
2026-03-24 15:36:58, EXEC, v:1, k:ed@gomos, mode:FREE, size:5
2026-03-24 15:37:12, EXEC, v:1, k:ed@gomos, mode:FULL, rate:0
2026-03-24 15:37:14, MOVE, v:1, k:ed@gomos, mode:BACK
2026-03-24 15:37:16, MOVE, v:1, k:ed@fuga, mode:PICK
2026-03-24 15:37:19, EXEC, v:1, k:ed@fuga, mode:FULL, rate:40
2026-03-24 15:41:56, EXEC, v:1, k:ed@fuga, mode:FULL, rate:50, size:34
2026-03-24 15:43:13, EXEC, v:1, k:ed@fuga, mode:FULL, rate:40, size:34
2026-03-24 15:43:24, EXEC, v:1, k:ed@fuga, mode:FULL, rate:50, size:34
2026-03-24 15:48:43, EXEC, v:1, k:ed@fuga, mode:FULL, rate:50, size:34
2026-03-24 15:49:00, EXEC, v:1, k:ed@fuga, mode:FULL, rate:50, size:34
2026-03-24 15:51:00, EXEC, v:1, k:ed@fuga, mode:FULL, rate:0, size:35
2026-03-24 15:51:41, EXEC, v:1, k:ed@fuga, mode:FULL, rate:0
2026-03-24 15:54:20, EXEC, v:1, k:ed@fuga, mode:FULL, rate:0, size:35
2026-03-24 15:55:27, EXEC, v:1, k:ed@fuga, mode:FULL, rate:0, size:35
2026-03-24 15:55:58, EXEC, v:1, k:ed@fuga, mode:FULL, rate:0, size:35
2026-03-24 15:58:05, EXEC, v:1, k:ed@fuga, mode:FULL, rate:0, size:36
2026-03-24 15:58:55, EXEC, v:1, k:ed@fuga, mode:FULL, rate:0, size:33
2026-03-24 15:59:31, EXEC, v:1, k:ed@fuga, mode:FULL, rate:0, size:33
2026-03-24 16:00:24, EXEC, v:1, k:ed@fuga, mode:FULL, rate:100, size:32
2026-03-24 16:00:41, MOVE, v:1, k:ed@fuga, mode:BACK
2026-03-24 16:01:06, SELF, v:1, k:ed@fuga, self:1, rate:100, study:60
2026-03-24 16:02:25, MOVE, v:1, k:ed@gomos, mode:PICK
2026-03-24 16:02:26, EXEC, v:1, k:ed@gomos, mode:FREE
2026-03-24 16:02:46, EXEC, v:1, k:ed@gomos, mode:FREE
2026-03-24 16:02:54, MOVE, v:1, k:ed@gomos, mode:BACK
