2026-06-09 13:28:30, MOVE, v:1, k:ed@editorint, mode:PICK
2026-06-09 13:28:33, MOVE, v:1, k:ed@editorint, mode:BACK
2026-06-09 13:28:34, MOVE, v:1, k:ed@lista_d4, mode:PICK
2026-06-09 14:01:20, MOVE, v:1, k:ed@lista_d4, mode:BACK
2026-06-09 14:01:22, MOVE, v:1, k:ed@lista_d4, mode:PICK
2026-06-09 14:01:33, EXEC, v:1, k:ed@lista_d4, mode:FULL, rate:0
2026-06-09 14:01:46, EXEC, v:1, k:ed@lista_d4, mode:FULL, rate:0, size:124
2026-06-09 14:01:54, EXEC, v:1, k:ed@lista_d4, mode:FULL, rate:0, size:125
2026-06-09 14:01:53, MOVE, v:1, k:ed@lista_d4, mode:EDIT
2026-06-09 14:02:11, EXEC, v:1, k:ed@lista_d4, mode:FULL, rate:0, size:126
2026-06-09 14:02:26, MOVE, v:1, k:ed@lista_d4, mode:EDIT
2026-06-09 14:06:25, EXEC, v:1, k:ed@lista_d4, mode:FULL, size:135, fail:COMP
2026-06-09 14:06:23, MOVE, v:1, k:ed@lista_d4, mode:EDIT
2026-06-09 14:06:23, MOVE, v:1, k:ed@lista_d4, mode:EDIT
2026-06-09 14:11:34, MOVE, v:1, k:ed@lista_d4, mode:BACK
2026-06-09 14:11:38, MOVE, v:1, k:ed@lista_d4, mode:PICK
2026-06-09 14:09:00, MOVE, v:1, k:ed@lista_d4, mode:EDIT
2026-06-09 14:09:00, MOVE, v:1, k:ed@lista_d4, mode:EDIT
2026-06-09 14:14:43, EXEC, v:1, k:ed@lista_d4, mode:FULL, size:135, fail:COMP
2026-06-09 14:15:10, EXEC, v:1, k:ed@lista_d4, mode:FULL, rate:66, size:135
2026-06-09 14:16:45, EXEC, v:1, k:ed@lista_d4, mode:FULL, rate:100, size:142
2026-06-09 14:16:51, MOVE, v:1, k:ed@lista_d4, mode:BACK
2026-06-09 14:16:44, MOVE, v:1, k:ed@lista_d4, mode:EDIT
2026-06-09 14:17:13, SELF, v:1, k:ed@lista_d4, self:1, rate:100, study:30
2026-06-09 14:16:44, MOVE, v:1, k:ed@lista_d4, mode:EDIT
2026-06-09 14:18:26, MOVE, v:1, k:ed@lista_d3, mode:DOWN
2026-06-09 14:18:27, MOVE, v:1, k:ed@lista_d3, mode:PICK
2026-06-09 14:18:45, MOVE, v:1, k:ed@lista_d3, mode:BACK
2026-06-09 14:18:47, MOVE, v:1, k:ed@lista_d3, mode:PICK
2026-06-09 14:19:11, EXEC, v:1, k:ed@lista_d3, mode:FULL, rate:0, size:109
2026-06-09 14:18:26, MOVE, v:1, k:ed@lista_d3, mode:EDIT
2026-06-09 14:18:26, MOVE, v:1, k:ed@lista_d3, mode:EDIT
2026-06-09 14:18:26, MOVE, v:1, k:ed@lista_d3, mode:EDIT
2026-06-09 14:18:26, MOVE, v:1, k:ed@lista_d3, mode:EDIT
2026-06-09 14:18:26, MOVE, v:1, k:ed@lista_d3, mode:EDIT
2026-06-09 14:18:26, MOVE, v:1, k:ed@lista_d3, mode:EDIT
2026-06-09 14:35:31, MOVE, v:1, k:ed@lista_d3, mode:EDIT
2026-06-09 14:37:33, EXEC, v:1, k:ed@lista_d3, mode:FULL, rate:0, size:120
2026-06-09 14:37:57, EXEC, v:1, k:ed@lista_d3, mode:FULL, rate:0, size:120
2026-06-09 14:37:56, MOVE, v:1, k:ed@lista_d3, mode:EDIT
2026-06-09 14:38:46, EXEC, v:1, k:ed@lista_d3, mode:FULL, rate:0, size:123
2026-06-09 14:39:11, EXEC, v:1, k:ed@lista_d3, mode:FULL, rate:25, size:124
2026-06-09 14:39:04, MOVE, v:1, k:ed@lista_d3, mode:EDIT
2026-06-09 14:39:04, MOVE, v:1, k:ed@lista_d3, mode:EDIT
2026-06-09 14:43:35, MOVE, v:1, k:ed@lista_d3, mode:EDIT
2026-06-09 14:43:35, MOVE, v:1, k:ed@lista_d3, mode:EDIT
2026-06-09 14:50:37, EXEC, v:1, k:ed@lista_d3, mode:FULL, rate:25, size:130
2026-06-09 14:50:32, MOVE, v:1, k:ed@lista_d3, mode:EDIT
2026-06-09 14:52:19, EXEC, v:1, k:ed@lista_d3, mode:FULL, rate:25, size:130
2026-06-09 14:52:18, MOVE, v:1, k:ed@lista_d3, mode:EDIT
2026-06-09 14:56:38, EXEC, v:1, k:ed@lista_d3, mode:FULL, rate:25, size:133
2026-06-09 14:56:59, EXEC, v:1, k:ed@lista_d3, mode:FULL, rate:25, size:137
2026-06-09 14:56:57, MOVE, v:1, k:ed@lista_d3, mode:EDIT
2026-06-09 14:56:57, MOVE, v:1, k:ed@lista_d3, mode:EDIT
2026-06-09 15:02:21, EXEC, v:1, k:ed@lista_d3, mode:FULL, rate:25
2026-06-09 15:02:18, MOVE, v:1, k:ed@lista_d3, mode:EDIT
2026-06-09 15:03:36, EXEC, v:1, k:ed@lista_d3, mode:FULL, rate:25, size:138
2026-06-09 15:03:58, EXEC, v:1, k:ed@lista_d3, mode:FULL, rate:25, size:137
2026-06-09 15:04:18, MOVE, v:1, k:ed@lista_d3, mode:EDIT
2026-06-09 15:04:18, MOVE, v:1, k:ed@lista_d3, mode:EDIT
2026-06-09 15:10:02, EXEC, v:1, k:ed@lista_d3, mode:FULL, rate:25, size:154
2026-06-09 15:10:00, MOVE, v:1, k:ed@lista_d3, mode:EDIT
2026-06-09 15:10:00, MOVE, v:1, k:ed@lista_d3, mode:EDIT
2026-06-09 15:13:51, MOVE, v:1, k:ed@lista_d3, mode:EDIT
2026-06-09 15:13:51, MOVE, v:1, k:ed@lista_d3, mode:EDIT
2026-06-09 15:45:17, EXEC, v:1, k:ed@lista_d3, mode:FULL, rate:25, size:164
2026-06-09 15:45:26, EXEC, v:1, k:ed@lista_d3, mode:FULL, rate:25, size:164
2026-06-09 15:45:41, EXEC, v:1, k:ed@lista_d3, mode:FULL, rate:25
2026-06-09 15:46:28, EXEC, v:1, k:ed@lista_d3, mode:FULL, rate:25, size:166
2026-06-09 15:46:58, EXEC, v:1, k:ed@lista_d3, mode:FULL, rate:25, size:166
2026-06-09 15:46:56, MOVE, v:1, k:ed@lista_d3, mode:EDIT
2026-06-09 15:48:11, MOVE, v:1, k:ed@lista_d3, mode:EDIT
2026-06-09 15:48:49, EXEC, v:1, k:ed@lista_d3, mode:FULL, rate:50, size:166
2026-06-09 15:49:33, EXEC, v:1, k:ed@lista_d3, mode:FULL, rate:75, size:166
2026-06-09 15:49:31, MOVE, v:1, k:ed@lista_d3, mode:EDIT
2026-06-09 15:52:34, EXEC, v:1, k:ed@lista_d3, mode:FULL, size:172, fail:COMP
2026-06-09 15:52:20, MOVE, v:1, k:ed@lista_d3, mode:EDIT
2026-06-09 15:53:44, EXEC, v:1, k:ed@lista_d3, mode:FULL, rate:100, size:173
2026-06-09 15:53:47, MOVE, v:1, k:ed@lista_d3, mode:BACK
2026-06-09 15:54:42, SELF, v:1, k:ed@lista_d3, self:1, rate:100, study:120, concept:1
2026-06-09 15:55:10, SELF, v:1, k:ed@prin_list1, self:1, rate:100, study:30
2026-06-09 15:55:23, MOVE, v:1, k:ed@lista_d3, mode:PICK
2026-06-09 15:55:24, MOVE, v:1, k:ed@lista_d3, mode:BACK
2026-06-09 15:55:48, MOVE, v:1, k:ed@prin_list2, mode:DOWN
2026-06-09 15:55:52, MOVE, v:1, k:ed@prin_list2, mode:PICK
2026-06-09 15:56:12, MOVE, v:1, k:ed@prin_list2, mode:BACK
2026-06-09 15:56:13, MOVE, v:1, k:ed@prin_list2, mode:PICK
2026-06-09 15:56:14, EXEC, v:1, k:ed@prin_list2, mode:FULL, rate:0, size:46
2026-06-09 15:53:36, MOVE, v:1, k:ed@lista_d3, mode:EDIT
2026-06-09 15:55:48, MOVE, v:1, k:ed@prin_list2, mode:EDIT
2026-06-09 15:55:48, MOVE, v:1, k:ed@prin_list2, mode:EDIT
2026-06-09 15:55:48, MOVE, v:1, k:ed@prin_list2, mode:EDIT
2026-06-09 15:53:36, MOVE, v:1, k:ed@lista_d3, mode:EDIT
2026-06-09 15:55:48, MOVE, v:1, k:ed@prin_list2, mode:EDIT
2026-06-09 15:55:48, MOVE, v:1, k:ed@prin_list2, mode:EDIT
2026-06-09 15:55:48, MOVE, v:1, k:ed@prin_list2, mode:EDIT
2026-06-09 15:59:55, EXEC, v:1, k:ed@prin_list2, mode:FULL, rate:0
2026-06-09 16:00:16, EXEC, v:1, k:ed@prin_list2, mode:FULL, rate:0, size:47
2026-06-09 16:00:42, EXEC, v:1, k:ed@prin_list2, mode:FULL, rate:0, size:46
2026-06-09 16:00:57, EXEC, v:1, k:ed@prin_list2, mode:FULL, rate:0, size:46
2026-06-09 16:01:04, MOVE, v:1, k:ed@prin_list2, mode:EDIT
2026-06-09 16:01:04, MOVE, v:1, k:ed@prin_list2, mode:EDIT
2026-06-09 17:23:09, EXEC, v:1, k:ed@prin_list2, mode:FULL, rate:0, size:46
2026-06-09 17:23:07, MOVE, v:1, k:ed@prin_list2, mode:EDIT
2026-06-09 17:24:34, EXEC, v:1, k:ed@prin_list2, mode:FULL, rate:0, size:46
2026-06-09 17:24:40, EXEC, v:1, k:ed@prin_list2, mode:FULL, rate:0, size:46
2026-06-09 17:26:04, EXEC, v:1, k:ed@prin_list2, mode:FULL, rate:0, size:61
2026-06-09 17:26:02, MOVE, v:1, k:ed@prin_list2, mode:EDIT
2026-06-09 17:27:59, EXEC, v:1, k:ed@prin_list2, mode:FULL, rate:0, size:61
2026-06-09 17:27:57, MOVE, v:1, k:ed@prin_list2, mode:EDIT
2026-06-09 17:29:24, EXEC, v:1, k:ed@prin_list2, mode:FULL, rate:0, size:61
2026-06-09 17:31:54, MOVE, v:1, k:ed@prin_list2, mode:EDIT
2026-06-09 17:32:25, MOVE, v:1, k:ed@prin_list2, mode:EDIT
2026-06-09 17:33:30, EXEC, v:1, k:ed@prin_list2, mode:FULL, rate:30, size:67
2026-06-09 17:33:28, MOVE, v:1, k:ed@prin_list2, mode:EDIT
2026-06-09 17:33:28, MOVE, v:1, k:ed@prin_list2, mode:EDIT
2026-06-09 17:43:10, EXEC, v:1, k:ed@prin_list2, mode:FULL, rate:30, size:72
2026-06-09 17:43:26, EXEC, v:1, k:ed@prin_list2, mode:FULL, rate:100, size:72
2026-06-09 17:43:22, MOVE, v:1, k:ed@prin_list2, mode:EDIT
2026-06-09 17:43:42, MOVE, v:1, k:ed@prin_list2, mode:BACK
2026-06-09 17:44:02, SELF, v:1, k:ed@prin_list2, self:1, rate:100, study:40, concept:1
