2026-03-23 15:54:24, MOVE, v:1, k:ed@baruel, mode:PICK
2026-03-23 15:54:25, EXEC, v:1, k:ed@baruel, mode:FREE, size:17
2026-03-23 15:54:45, MOVE, v:1, k:ed@baruel, mode:BACK
2026-03-23 15:54:46, MOVE, v:1, k:ed@baruel, mode:PICK
2026-03-23 15:54:47, EXEC, v:1, k:ed@baruel, mode:FREE
2026-03-23 16:02:41, EXEC, v:1, k:ed@baruel, mode:FULL, rate:0
2026-03-23 16:02:50, EXEC, v:1, k:ed@baruel, mode:FULL, rate:0, size:26
2026-03-23 16:03:43, EXEC, v:1, k:ed@baruel, mode:FULL, rate:0, size:26
2026-03-23 16:11:44, EXEC, v:1, k:ed@baruel, mode:FULL, rate:0, size:33
2026-03-23 16:19:57, EXEC, v:1, k:ed@baruel, mode:FULL, rate:0
2026-03-23 16:20:47, EXEC, v:1, k:ed@baruel, mode:FULL, rate:0
2026-03-23 16:21:03, EXEC, v:1, k:ed@baruel, mode:FULL, rate:0, size:34
2026-03-23 16:21:57, EXEC, v:1, k:ed@baruel, mode:FULL, rate:0, size:33
2026-03-23 16:25:23, EXEC, v:1, k:ed@baruel, mode:FULL, rate:0, size:45
2026-03-23 16:27:44, EXEC, v:1, k:ed@baruel, mode:FULL, rate:0, size:46
2026-03-23 16:28:33, EXEC, v:1, k:ed@baruel, mode:FULL, rate:0, size:44
2026-03-23 16:30:10, EXEC, v:1, k:ed@baruel, mode:FULL, rate:0, size:47
2026-03-23 16:38:53, EXEC, v:1, k:ed@baruel, mode:FULL, rate:0, size:52
2026-03-23 16:39:02, EXEC, v:1, k:ed@baruel, mode:FULL, rate:0, size:52
2026-03-23 16:39:13, EXEC, v:1, k:ed@baruel, mode:FULL, rate:0, size:52
2026-03-23 16:43:30, EXEC, v:1, k:ed@baruel, mode:FULL, rate:100, size:56
